<?xml version="1.0" encoding="UTF-8"?>
<testsuite xmlns:xsi="http://www.w3.org/2001/XMLSchema-instance" xsi:noNamespaceSchemaLocation="https://maven.apache.org/surefire/maven-surefire-plugin/xsd/surefire-test-report-3.0.xsd" version="3.0" name="com.example.LegacyMigrationIntegrationTest" time="3.763" tests="1" errors="0" skipped="0" failures="0">
  <properties>
[...]
</properties>
  <testcase name="testFullRegistrationAndLoginCycle" classname="com.example.LegacyMigrationIntegrationTest" time="0.824">
    <system-out><![CDATA[13:11:30.379 [main] INFO org.springframework.test.context.support.AnnotationConfigContextLoaderUtils -- Could not detect default configuration classes for test class [com.example.LegacyMigrationIntegrationTest]: LegacyMigrationIntegrationTest does not declare any static, non-private, non-final, nested classes annotated with @Configuration.
13:11:30.466 [main] INFO org.springframework.boot.test.context.SpringBootTestContextBootstrapper -- Found @SpringBootConfiguration com.example.LegacyMigrationApplication for test class com.example.LegacyMigrationIntegrationTest

  .   ____          _            __ _ _
 /\\ / ___'_ __ _ _(_)_ __  __ _ \ \ \ \
( ( )\___ | '_ | '_| | '_ \/ _` | \ \ \ \
 \\/  ___)| |_)| | | | | || (_| |  ) ) ) )
  '  |____| .__|_| |_|_| |_\__, | / / / /
 =========|_|==============|___/=/_/_/_/
 :: Spring Boot ::                (v3.2.4)

2026-03-23T13:11:30.793+02:00  INFO 41332 --- [           main] c.e.LegacyMigrationIntegrationTest       : Starting LegacyMigrationIntegrationTest using Java 25.0.2 with PID 41332 (started by zlatandimitrov in /Users/zlatandimitrov/GitHub/Antigravity_test/javaee-legacy-app-example)
2026-03-23T13:11:30.794+02:00  INFO 41332 --- [           main] c.e.LegacyMigrationIntegrationTest       : No active profile set, falling back to 1 default profile: "default"
2026-03-23T13:11:31.172+02:00  INFO 41332 --- [           main] .s.d.r.c.RepositoryConfigurationDelegate : Bootstrapping Spring Data JPA repositories in DEFAULT mode.
2026-03-23T13:11:31.204+02:00  INFO 41332 --- [           main] .s.d.r.c.RepositoryConfigurationDelegate : Finished Spring Data repository scanning in 27 ms. Found 1 JPA repository interface.
2026-03-23T13:11:31.706+02:00  INFO 41332 --- [           main] o.s.b.w.embedded.tomcat.TomcatWebServer  : Tomcat initialized with port 0 (http)
2026-03-23T13:11:31.719+02:00  INFO 41332 --- [           main] o.apache.catalina.core.StandardService   : Starting service [Tomcat]
2026-03-23T13:11:31.719+02:00  INFO 41332 --- [           main] o.apache.catalina.core.StandardEngine    : Starting Servlet engine: [Apache Tomcat/10.1.19]
2026-03-23T13:11:31.768+02:00  INFO 41332 --- [           main] o.a.c.c.C.[Tomcat].[localhost].[/]       : Initializing Spring embedded WebApplicationContext
2026-03-23T13:11:31.769+02:00  INFO 41332 --- [           main] w.s.c.ServletWebServerApplicationContext : Root WebApplicationContext: initialization completed in 960 ms
2026-03-23T13:11:31.867+02:00  INFO 41332 --- [           main] o.hibernate.jpa.internal.util.LogHelper  : HHH000204: Processing PersistenceUnitInfo [name: default]
2026-03-23T13:11:31.911+02:00  INFO 41332 --- [           main] org.hibernate.Version                    : HHH000412: Hibernate ORM core version 6.4.4.Final
2026-03-23T13:11:31.933+02:00  INFO 41332 --- [           main] o.h.c.internal.RegionFactoryInitiator    : HHH000026: Second-level cache disabled
2026-03-23T13:11:32.067+02:00  INFO 41332 --- [           main] o.s.o.j.p.SpringPersistenceUnitInfo      : No LoadTimeWeaver setup: ignoring JPA class transformer
2026-03-23T13:11:32.081+02:00  INFO 41332 --- [           main] com.zaxxer.hikari.HikariDataSource       : HikariPool-1 - Starting...
2026-03-23T13:11:32.180+02:00  INFO 41332 --- [           main] com.zaxxer.hikari.pool.HikariPool        : HikariPool-1 - Added connection conn0: url=jdbc:h2:mem:testdb user=SA
2026-03-23T13:11:32.183+02:00  INFO 41332 --- [           main] com.zaxxer.hikari.HikariDataSource       : HikariPool-1 - Start completed.
2026-03-23T13:11:32.205+02:00  WARN 41332 --- [           main] org.hibernate.orm.deprecation            : HHH90000025: H2Dialect does not need to be specified explicitly using 'hibernate.dialect' (remove the property setting and it will be selected by default)
2026-03-23T13:11:32.670+02:00  INFO 41332 --- [           main] o.h.e.t.j.p.i.JtaPlatformInitiator       : HHH000489: No JTA platform available (set 'hibernate.transaction.jta.platform' to enable JTA platform integration)
Hibernate: create table users (id bigint generated by default as identity, password varchar(255), username varchar(255), primary key (id))
2026-03-23T13:11:32.715+02:00  INFO 41332 --- [           main] j.LocalContainerEntityManagerFactoryBean : Initialized JPA EntityManagerFactory for persistence unit 'default'
2026-03-23T13:11:32.912+02:00  WARN 41332 --- [           main] JpaBaseConfiguration$JpaWebConfiguration : spring.jpa.open-in-view is enabled by default. Therefore, database queries may be performed during view rendering. Explicitly configure spring.jpa.open-in-view to disable this warning
2026-03-23T13:11:32.969+02:00  INFO 41332 --- [           main] o.s.b.a.w.s.WelcomePageHandlerMapping    : Adding welcome page template: index
2026-03-23T13:11:33.073+02:00  INFO 41332 --- [           main] o.s.s.web.DefaultSecurityFilterChain     : Will secure any request with [org.springframework.security.web.session.DisableEncodeUrlFilter@29f86630, org.springframework.security.web.context.request.async.WebAsyncManagerIntegrationFilter@6b8a9e1, org.springframework.security.web.context.SecurityContextHolderFilter@12d28106, org.springframework.security.web.header.HeaderWriterFilter@69e23e94, org.springframework.web.filter.CorsFilter@4c51fc9a, org.springframework.security.web.authentication.logout.LogoutFilter@5e0602ff, org.springframework.security.web.authentication.UsernamePasswordAuthenticationFilter@6715a6da, org.springframework.security.web.savedrequest.RequestCacheAwareFilter@3b8ce72, org.springframework.security.web.servletapi.SecurityContextHolderAwareRequestFilter@3ce4eb42, org.springframework.security.web.authentication.AnonymousAuthenticationFilter@425376cc, org.springframework.security.web.access.ExceptionTranslationFilter@158cb50a, org.springframework.security.web.access.intercept.AuthorizationFilter@85fd4b]
2026-03-23T13:11:33.217+02:00  INFO 41332 --- [           main] o.s.b.w.embedded.tomcat.TomcatWebServer  : Tomcat started on port 54750 (http) with context path ''
2026-03-23T13:11:33.223+02:00  INFO 41332 --- [           main] c.e.LegacyMigrationIntegrationTest       : Started LegacyMigrationIntegrationTest in 2.674 seconds (process running for 3.213)
2026-03-23T13:11:33.607+02:00  INFO 41332 --- [o-auto-1-exec-1] o.a.c.c.C.[Tomcat].[localhost].[/]       : Initializing Spring DispatcherServlet 'dispatcherServlet'
2026-03-23T13:11:33.607+02:00  INFO 41332 --- [o-auto-1-exec-1] o.s.web.servlet.DispatcherServlet        : Initializing Servlet 'dispatcherServlet'
2026-03-23T13:11:33.608+02:00  INFO 41332 --- [o-auto-1-exec-1] o.s.web.servlet.DispatcherServlet        : Completed initialization in 0 ms
Audit log: Registration attempt for user intuser
Hibernate: select u1_0.id,u1_0.password,u1_0.username from users u1_0 where u1_0.username=?
Hibernate: insert into users (password,username,id) values (?,?,default)
Hello intuser
Hibernate: select u1_0.id,u1_0.password,u1_0.username from users u1_0 where u1_0.username=?
]]></system-out>
    <system-err><![CDATA[WARNING: A Java agent has been loaded dynamically (/Users/zlatandimitrov/.m2/repository/net/bytebuddy/byte-buddy-agent/1.14.12/byte-buddy-agent-1.14.12.jar)
WARNING: If a serviceability tool is in use, please run with -XX:+EnableDynamicAgentLoading to hide this warning
WARNING: If a serviceability tool is not in use, please run with -Djdk.instrument.traceUsage for more information
WARNING: Dynamic loading of agents will be disallowed by default in a future release
]]></system-err>
  </testcase>
</testsuite>